<?xml version="1.0" encoding="UTF-8"?>
<!-- Generated by org.testng.reporters.JUnitReportReporter -->
<testsuite hostname="Windows" name="Google_search_TESTNG_demo_default" tests="1" failures="0" timestamp="19 Mar 2021 21:14:48 GMT" time="32.536" errors="0">
  <testcase name="GooglesearchTest" time="32.536" classname="Google_search_TESTNG_demo_default"/>
</testsuite> <!-- Google_search_TESTNG_demo_default -->
