<?xml version="1.0" encoding="UTF-8"?>
<!-- Generated by org.testng.reporters.JUnitReportReporter -->
<testsuite hostname="Windows" name="demo.TestNGPriority" tests="3" failures="0" timestamp="24 Mar 2021 07:43:18 GMT" time="0.019" errors="0">
  <testcase name="test2" time="0.001" classname="demo.TestNGPriority"/>
  <testcase name="test1" time="0.016" classname="demo.TestNGPriority"/>
  <testcase name="test3" time="0.002" classname="demo.TestNGPriority"/>
</testsuite> <!-- demo.TestNGPriority -->
