<?xml version="1.0" encoding="UTF-8"?>
<!-- Generated by org.testng.reporters.JUnitReportReporter -->
<testsuite hostname="Windows" name="test_Scripts_demo.Extent_Reports_TestNG" tests="2" failures="0" timestamp="13 Mar 2021 17:05:49 GMT" time="46.451" errors="0">
  <testcase name="TestScripts2" time="0.003" classname="test_Scripts_demo.Extent_Reports_TestNG"/>
  <testcase name="TestScripts1" time="46.448" classname="test_Scripts_demo.Extent_Reports_TestNG"/>
</testsuite> <!-- test_Scripts_demo.Extent_Reports_TestNG -->
