<?xml version="1.0" encoding="UTF-8"?>
<!-- Generated by org.testng.reporters.JUnitReportReporter -->
<testsuite hostname="Windows" name="demo.TestNGDependencydemo" tests="3" failures="0" timestamp="26 Mar 2021 06:55:44 GMT" time="0.020" errors="0">
  <testcase name="test2" time="0.015" classname="demo.TestNGDependencydemo"/>
  <testcase name="test1" time="0.001" classname="demo.TestNGDependencydemo"/>
  <testcase name="test3" time="0.004" classname="demo.TestNGDependencydemo"/>
</testsuite> <!-- demo.TestNGDependencydemo -->
