<?xml version="1.0" encoding="UTF-8"?>
<!-- Generated by org.testng.reporters.JUnitReportReporter -->
<testsuite hostname="Windows" name="test_Scripts_demo.Google_search_TESTNG_demo2" tests="1" failures="0" timestamp="14 Mar 2021 06:19:04 GMT" time="40.927" errors="0">
  <testcase name="GooglesearchTesttwo" time="40.927" classname="test_Scripts_demo.Google_search_TESTNG_demo2"/>
</testsuite> <!-- test_Scripts_demo.Google_search_TESTNG_demo2 -->
