<?xml version="1.0" encoding="UTF-8"?>
<!-- Generated by org.testng.reporters.JUnitReportReporter -->
<testsuite hostname="Windows" name="demo.TestNGGroups" tests="4" failures="0" timestamp="26 Mar 2021 07:19:45 GMT" time="0.019" errors="0">
  <testcase name="Test4" time="0.000" classname="demo.TestNGGroups"/>
  <testcase name="Test3" time="0.000" classname="demo.TestNGGroups"/>
  <testcase name="Test1" time="0.017" classname="demo.TestNGGroups"/>
  <testcase name="Test2" time="0.002" classname="demo.TestNGGroups"/>
</testsuite> <!-- demo.TestNGGroups -->
