<?xml version="1.0" encoding="UTF-8"?>
<!-- Generated by org.testng.reporters.JUnitReportReporter -->
<testsuite hostname="Windows" name="demo.TestNGMultiBrowserdemo" tests="3" failures="0" timestamp="24 Mar 2021 08:26:57 GMT" time="23.980" errors="0">
  <testcase name="test1" time="8.109" classname="demo.TestNGMultiBrowserdemo"/>
  <testcase name="test1" time="7.723" classname="demo.TestNGMultiBrowserdemo"/>
  <testcase name="test1" time="8.148" classname="demo.TestNGMultiBrowserdemo"/>
</testsuite> <!-- demo.TestNGMultiBrowserdemo -->
