<?xml version="1.0" encoding="UTF-8"?>
<!-- Generated by org.testng.reporters.JUnitReportReporter -->
<testsuite hostname="Windows" name="demo.TestNGIgnoreDemo" tests="1" failures="0" timestamp="26 Mar 2021 07:26:02 GMT" time="0.018" errors="0">
  <testcase name="test2" time="0.018" classname="demo.TestNGIgnoreDemo"/>
</testsuite> <!-- demo.TestNGIgnoreDemo -->
