<?xml version="1.0" encoding="UTF-8"?>
<!-- Generated by org.testng.reporters.JUnitReportReporter -->
<testsuite hostname="Windows" name="demo.TestNGParametersDemo" tests="1" failures="0" timestamp="26 Mar 2021 05:34:38 GMT" time="0.016" errors="0">
  <testcase name="test1" time="0.016" classname="demo.TestNGParametersDemo"/>
</testsuite> <!-- demo.TestNGParametersDemo -->
