<?xml version="1.0" encoding="UTF-8"?>
<!-- Generated by org.testng.reporters.JUnitReportReporter -->
<testsuite hostname="Windows" name="utils.ExcelDataDriver" tests="4" failures="0" timestamp="23 Mar 2021 12:14:48 GMT" time="18.454" errors="0">
  <testcase name="test1" time="3.872" classname="utils.ExcelDataDriver"/>
  <testcase name="test1" time="8.113" classname="utils.ExcelDataDriver"/>
  <testcase name="test1" time="3.182" classname="utils.ExcelDataDriver"/>
  <testcase name="test1" time="3.287" classname="utils.ExcelDataDriver"/>
</testsuite> <!-- utils.ExcelDataDriver -->
